ProyectoBanco/app/build/intermediates/manifest_merge_blame_file/debug/manifest-merger-blame-debug-report.txt
1<?xml version="1.0" encoding="utf-8"?>
2<manifest xmlns:android="http://schemas.android.com/apk/res/android"
3    package="luis.fernandez.proyectobanco"
4    android:versionCode="1"
5    android:versionName="1.0" >
6
7    <uses-sdk
8        android:minSdkVersion="19"
8-->src/main/AndroidManifest.xml
9        android:targetSdkVersion="30" />
9-->src/main/AndroidManifest.xml
10
11    <application
11-->src/main/AndroidManifest.xml:5:5-27:19
12        android:allowBackup="true"
12-->src/main/AndroidManifest.xml:6:9-35
13        android:appComponentFactory="androidx.core.app.CoreComponentFactory"
13-->[androidx.core:core:1.1.0] AndroidManifest.xml:24:18-86
14        android:debuggable="true"
15        android:icon="@drawable/lufer_008_bank"
15-->src/main/AndroidManifest.xml:7:9-48
16        android:label="@string/app_name"
16-->src/main/AndroidManifest.xml:8:9-41
17        android:roundIcon="@mipmap/ic_launcher_round"
17-->src/main/AndroidManifest.xml:9:9-54
18        android:supportsRtl="true"
18-->src/main/AndroidManifest.xml:10:9-35
19        android:testOnly="true"
20        android:theme="@style/AppTheme" >
20-->src/main/AndroidManifest.xml:11:9-40
21        <activity android:name="luis.fernandez.proyectobanco.Transferir" />
21-->src/main/AndroidManifest.xml:12:9-47
21-->src/main/AndroidManifest.xml:12:19-45
22        <activity android:name="luis.fernandez.proyectobanco.TransferenciasActivity" />
22-->src/main/AndroidManifest.xml:13:9-59
22-->src/main/AndroidManifest.xml:13:19-57
23        <activity android:name="luis.fernandez.proyectobanco.layout_fragment_detalle" />
23-->src/main/AndroidManifest.xml:14:9-60
23-->src/main/AndroidManifest.xml:14:19-58
24        <activity android:name="luis.fernandez.proyectobanco.CambiarClave" />
24-->src/main/AndroidManifest.xml:15:9-50
24-->src/main/AndroidManifest.xml:15:19-47
25        <activity android:name="luis.fernandez.proyectobanco.PantallaPrincipal" />
25-->src/main/AndroidManifest.xml:16:9-55
25-->src/main/AndroidManifest.xml:16:19-52
26        <activity android:name="luis.fernandez.proyectobanco.Activity_Detalles" />
26-->src/main/AndroidManifest.xml:17:9-54
26-->src/main/AndroidManifest.xml:17:19-52
27        <activity android:name="luis.fernandez.proyectobanco.PosicionActivity" />
27-->src/main/AndroidManifest.xml:18:9-53
27-->src/main/AndroidManifest.xml:18:19-51
28        <activity android:name="luis.fernandez.proyectobanco.Login" />
28-->src/main/AndroidManifest.xml:19:9-43
28-->src/main/AndroidManifest.xml:19:19-40
29        <activity android:name="luis.fernandez.proyectobanco.MainActivity" >
29-->src/main/AndroidManifest.xml:20:9-26:20
29-->src/main/AndroidManifest.xml:20:19-47
30            <intent-filter>
30-->src/main/AndroidManifest.xml:21:13-25:29
31                <action android:name="android.intent.action.MAIN" />
31-->src/main/AndroidManifest.xml:22:17-69
31-->src/main/AndroidManifest.xml:22:25-66
32
33                <category android:name="android.intent.category.LAUNCHER" />
33-->src/main/AndroidManifest.xml:24:17-77
33-->src/main/AndroidManifest.xml:24:27-74
34            </intent-filter>
35        </activity>
36    </application>
37
38</manifest>